<?xml version="1.0" encoding="UTF-8"?>
<!-- Generated by org.testng.reporters.JUnitReportReporter -->
<testsuite hostname="DIN33000075" failures="0" tests="1" name="testNg.asPaintTestNg" time="16.696" errors="0" timestamp="12 Jul 2021 07:39:27 GMT" skipped="0">
  <testcase classname="testNg.asPaintTestNg" name="EnquireFormWithInvalidPincode" time="16.696"/>
</testsuite> <!-- testNg.asPaintTestNg -->
