<?xml version="1.0" encoding="UTF-8"?>
<!-- Generated by org.testng.reporters.JUnitReportReporter -->
<testsuite hostname="DIN33000075" failures="0" tests="1" name="testNg.asianPaintTestNg" time="0.007" errors="0" timestamp="09 Jul 2021 06:29:02 GMT" skipped="0">
  <testcase classname="testNg.asianPaintTestNg" name="f" time="0.007"/>
</testsuite> <!-- testNg.asianPaintTestNg -->
