<?xml version="1.0" encoding="UTF-8"?>
<!-- Generated by org.testng.reporters.JUnitReportReporter -->
<testsuite hostname="DIN33000075" failures="0" tests="5" name="testNg.asPaintTestNg" time="79.511" errors="0" timestamp="09 Jul 2021 11:15:23 GMT" skipped="0">
  <testcase classname="testNg.asPaintTestNg" name="EnquireFormWithValidData" time="15.527"/>
  <testcase classname="testNg.asPaintTestNg" name="EnquireFormWithInvalidName" time="15.525"/>
  <testcase classname="testNg.asPaintTestNg" name="EnquireFormWithInvalidEmail" time="16.787"/>
  <testcase classname="testNg.asPaintTestNg" name="EnquireFormWithInvalidMobile" time="16.521"/>
  <testcase classname="testNg.asPaintTestNg" name="EnquireFormWithInvalidPincode" time="15.151"/>
</testsuite> <!-- testNg.asPaintTestNg -->
